{"/home/kaziz/software testing/tp-jest/src/interval.js": {"path":"/home/kaziz/software testing/tp-jest/src/interval.js","statementMap":{"0":{"start":{"line":3,"column":8},"end":{"line":3,"column":27}},"1":{"start":{"line":4,"column":8},"end":{"line":4,"column":22}},"2":{"start":{"line":8,"column":8},"end":{"line":8,"column":55}},"3":{"start":{"line":26,"column":8},"end":{"line":26,"column":70}},"4":{"start":{"line":46,"column":8},"end":{"line":46,"column":72}},"5":{"start":{"line":66,"column":18},"end":{"line":66,"column":20}},"6":{"start":{"line":67,"column":8},"end":{"line":75,"column":9}},"7":{"start":{"line":69,"column":12},"end":{"line":69,"column":149}},"8":{"start":{"line":74,"column":12},"end":{"line":74,"column":37}},"9":{"start":{"line":76,"column":8},"end":{"line":76,"column":19}},"10":{"start":{"line":96,"column":8},"end":{"line":96,"column":20}},"11":{"start":{"line":120,"column":0},"end":{"line":120,"column":26}}},"fnMap":{"0":{"name":"(anonymous_0)","decl":{"start":{"line":2,"column":4},"end":{"line":2,"column":5}},"loc":{"start":{"line":2,"column":28},"end":{"line":5,"column":5}},"line":2},"1":{"name":"(anonymous_1)","decl":{"start":{"line":7,"column":4},"end":{"line":7,"column":5}},"loc":{"start":{"line":7,"column":15},"end":{"line":9,"column":5}},"line":7},"2":{"name":"(anonymous_2)","decl":{"start":{"line":25,"column":4},"end":{"line":25,"column":5}},"loc":{"start":{"line":25,"column":23},"end":{"line":27,"column":5}},"line":25},"3":{"name":"(anonymous_3)","decl":{"start":{"line":45,"column":4},"end":{"line":45,"column":5}},"loc":{"start":{"line":45,"column":23},"end":{"line":47,"column":5}},"line":45},"4":{"name":"(anonymous_4)","decl":{"start":{"line":65,"column":4},"end":{"line":65,"column":5}},"loc":{"start":{"line":65,"column":20},"end":{"line":77,"column":5}},"line":65},"5":{"name":"(anonymous_5)","decl":{"start":{"line":95,"column":4},"end":{"line":95,"column":5}},"loc":{"start":{"line":95,"column":27},"end":{"line":97,"column":5}},"line":95},"6":{"name":"(anonymous_6)","decl":{"start":{"line":115,"column":4},"end":{"line":115,"column":5}},"loc":{"start":{"line":115,"column":24},"end":{"line":117,"column":5}},"line":115}},"branchMap":{"0":{"loc":{"start":{"line":26,"column":15},"end":{"line":26,"column":69}},"type":"binary-expr","locations":[{"start":{"line":26,"column":15},"end":{"line":26,"column":40}},{"start":{"line":26,"column":44},"end":{"line":26,"column":69}}],"line":26},"1":{"loc":{"start":{"line":46,"column":15},"end":{"line":46,"column":71}},"type":"binary-expr","locations":[{"start":{"line":46,"column":15},"end":{"line":46,"column":43}},{"start":{"line":46,"column":47},"end":{"line":46,"column":71}}],"line":46},"2":{"loc":{"start":{"line":67,"column":8},"end":{"line":75,"column":9}},"type":"if","locations":[{"start":{"line":67,"column":8},"end":{"line":75,"column":9}},{"start":{"line":67,"column":8},"end":{"line":75,"column":9}}],"line":67},"3":{"loc":{"start":{"line":69,"column":35},"end":{"line":69,"column":92}},"type":"cond-expr","locations":[{"start":{"line":69,"column":65},"end":{"line":69,"column":75}},{"start":{"line":69,"column":78},"end":{"line":69,"column":92}}],"line":69},"4":{"loc":{"start":{"line":69,"column":95},"end":{"line":69,"column":145}},"type":"cond-expr","locations":[{"start":{"line":69,"column":122},"end":{"line":69,"column":130}},{"start":{"line":69,"column":133},"end":{"line":69,"column":145}}],"line":69}},"s":{"0":24,"1":24,"2":18,"3":9,"4":4,"5":6,"6":6,"7":2,"8":4,"9":6,"10":0,"11":1},"f":{"0":24,"1":18,"2":9,"3":4,"4":6,"5":0,"6":0},"b":{"0":[9,6],"1":[4,3],"2":[2,4],"3":[2,0],"4":[2,0]},"_coverageSchema":"43e27e138ebf9cfc5966b082cf9a028302ed4184","hash":"60ac1bfb04ea612df90cc58105fc5450896abd7a"}
,"/home/kaziz/software testing/tp-jest/src/math.js": {"path":"/home/kaziz/software testing/tp-jest/src/math.js","statementMap":{"0":{"start":{"line":1,"column":11},"end":{"line":1,"column":13}},"1":{"start":{"line":2,"column":0},"end":{"line":16,"column":2}},"2":{"start":{"line":3,"column":4},"end":{"line":5,"column":5}},"3":{"start":{"line":4,"column":8},"end":{"line":4,"column":17}},"4":{"start":{"line":7,"column":4},"end":{"line":9,"column":5}},"5":{"start":{"line":8,"column":8},"end":{"line":8,"column":27}},"6":{"start":{"line":11,"column":4},"end":{"line":13,"column":5}},"7":{"start":{"line":12,"column":8},"end":{"line":12,"column":29}},"8":{"start":{"line":15,"column":4},"end":{"line":15,"column":37}},"9":{"start":{"line":26,"column":0},"end":{"line":37,"column":2}},"10":{"start":{"line":27,"column":4},"end":{"line":29,"column":5}},"11":{"start":{"line":28,"column":8},"end":{"line":28,"column":21}},"12":{"start":{"line":30,"column":4},"end":{"line":32,"column":5}},"13":{"start":{"line":31,"column":8},"end":{"line":31,"column":49}},"14":{"start":{"line":33,"column":4},"end":{"line":34,"column":38}},"15":{"start":{"line":33,"column":17},"end":{"line":33,"column":18}},"16":{"start":{"line":34,"column":8},"end":{"line":34,"column":38}},"17":{"start":{"line":34,"column":25},"end":{"line":34,"column":38}},"18":{"start":{"line":35,"column":4},"end":{"line":35,"column":16}},"19":{"start":{"line":49,"column":0},"end":{"line":59,"column":2}},"20":{"start":{"line":50,"column":14},"end":{"line":50,"column":15}},"21":{"start":{"line":51,"column":4},"end":{"line":56,"column":5}},"22":{"start":{"line":51,"column":16},"end":{"line":51,"column":17}},"23":{"start":{"line":52,"column":8},"end":{"line":55,"column":9}},"24":{"start":{"line":54,"column":12},"end":{"line":54,"column":21}},"25":{"start":{"line":58,"column":4},"end":{"line":58,"column":15}},"26":{"start":{"line":73,"column":0},"end":{"line":95,"column":2}},"27":{"start":{"line":74,"column":16},"end":{"line":74,"column":18}},"28":{"start":{"line":75,"column":4},"end":{"line":93,"column":5}},"29":{"start":{"line":75,"column":16},"end":{"line":75,"column":17}},"30":{"start":{"line":77,"column":8},"end":{"line":92,"column":9}},"31":{"start":{"line":79,"column":12},"end":{"line":79,"column":35}},"32":{"start":{"line":81,"column":13},"end":{"line":92,"column":9}},"33":{"start":{"line":83,"column":12},"end":{"line":83,"column":31}},"34":{"start":{"line":85,"column":13},"end":{"line":92,"column":9}},"35":{"start":{"line":87,"column":12},"end":{"line":87,"column":31}},"36":{"start":{"line":91,"column":12},"end":{"line":91,"column":26}},"37":{"start":{"line":94,"column":4},"end":{"line":94,"column":17}},"38":{"start":{"line":106,"column":0},"end":{"line":127,"column":2}},"39":{"start":{"line":107,"column":20},"end":{"line":107,"column":22}},"40":{"start":{"line":108,"column":4},"end":{"line":109,"column":48}},"41":{"start":{"line":108,"column":17},"end":{"line":108,"column":18}},"42":{"start":{"line":109,"column":8},"end":{"line":109,"column":48}},"43":{"start":{"line":111,"column":15},"end":{"line":111,"column":17}},"44":{"start":{"line":112,"column":4},"end":{"line":125,"column":5}},"45":{"start":{"line":112,"column":16},"end":{"line":112,"column":17}},"46":{"start":{"line":115,"column":8},"end":{"line":123,"column":56}},"47":{"start":{"line":117,"column":12},"end":{"line":120,"column":64}},"48":{"start":{"line":118,"column":16},"end":{"line":118,"column":65}},"49":{"start":{"line":120,"column":16},"end":{"line":120,"column":64}},"50":{"start":{"line":123,"column":12},"end":{"line":123,"column":56}},"51":{"start":{"line":126,"column":4},"end":{"line":126,"column":18}},"52":{"start":{"line":141,"column":0},"end":{"line":160,"column":2}},"53":{"start":{"line":142,"column":16},"end":{"line":142,"column":17}},"54":{"start":{"line":143,"column":15},"end":{"line":143,"column":16}},"55":{"start":{"line":145,"column":4},"end":{"line":145,"column":17}},"56":{"start":{"line":146,"column":4},"end":{"line":154,"column":5}},"57":{"start":{"line":146,"column":18},"end":{"line":146,"column":19}},"58":{"start":{"line":147,"column":8},"end":{"line":152,"column":9}},"59":{"start":{"line":148,"column":12},"end":{"line":148,"column":19}},"60":{"start":{"line":150,"column":12},"end":{"line":150,"column":36}},"61":{"start":{"line":151,"column":12},"end":{"line":151,"column":21}},"62":{"start":{"line":155,"column":4},"end":{"line":157,"column":5}},"63":{"start":{"line":156,"column":8},"end":{"line":156,"column":32}},"64":{"start":{"line":159,"column":4},"end":{"line":159,"column":17}},"65":{"start":{"line":164,"column":0},"end":{"line":164,"column":22}}},"fnMap":{"0":{"name":"(anonymous_0)","decl":{"start":{"line":2,"column":17},"end":{"line":2,"column":18}},"loc":{"start":{"line":2,"column":24},"end":{"line":16,"column":1}},"line":2},"1":{"name":"(anonymous_1)","decl":{"start":{"line":26,"column":15},"end":{"line":26,"column":16}},"loc":{"start":{"line":26,"column":28},"end":{"line":37,"column":1}},"line":26},"2":{"name":"(anonymous_2)","decl":{"start":{"line":49,"column":16},"end":{"line":49,"column":17}},"loc":{"start":{"line":49,"column":28},"end":{"line":59,"column":1}},"line":49},"3":{"name":"(anonymous_3)","decl":{"start":{"line":73,"column":16},"end":{"line":73,"column":17}},"loc":{"start":{"line":73,"column":28},"end":{"line":95,"column":1}},"line":73},"4":{"name":"(anonymous_4)","decl":{"start":{"line":106,"column":14},"end":{"line":106,"column":15}},"loc":{"start":{"line":106,"column":32},"end":{"line":127,"column":1}},"line":106},"5":{"name":"(anonymous_5)","decl":{"start":{"line":141,"column":13},"end":{"line":141,"column":14}},"loc":{"start":{"line":141,"column":29},"end":{"line":160,"column":1}},"line":141}},"branchMap":{"0":{"loc":{"start":{"line":3,"column":4},"end":{"line":5,"column":5}},"type":"if","locations":[{"start":{"line":3,"column":4},"end":{"line":5,"column":5}},{"start":{"line":3,"column":4},"end":{"line":5,"column":5}}],"line":3},"1":{"loc":{"start":{"line":7,"column":4},"end":{"line":9,"column":5}},"type":"if","locations":[{"start":{"line":7,"column":4},"end":{"line":9,"column":5}},{"start":{"line":7,"column":4},"end":{"line":9,"column":5}}],"line":7},"2":{"loc":{"start":{"line":11,"column":4},"end":{"line":13,"column":5}},"type":"if","locations":[{"start":{"line":11,"column":4},"end":{"line":13,"column":5}},{"start":{"line":11,"column":4},"end":{"line":13,"column":5}}],"line":11},"3":{"loc":{"start":{"line":27,"column":4},"end":{"line":29,"column":5}},"type":"if","locations":[{"start":{"line":27,"column":4},"end":{"line":29,"column":5}},{"start":{"line":27,"column":4},"end":{"line":29,"column":5}}],"line":27},"4":{"loc":{"start":{"line":27,"column":8},"end":{"line":27,"column":26}},"type":"binary-expr","locations":[{"start":{"line":27,"column":8},"end":{"line":27,"column":15}},{"start":{"line":27,"column":19},"end":{"line":27,"column":26}}],"line":27},"5":{"loc":{"start":{"line":30,"column":4},"end":{"line":32,"column":5}},"type":"if","locations":[{"start":{"line":30,"column":4},"end":{"line":32,"column":5}},{"start":{"line":30,"column":4},"end":{"line":32,"column":5}}],"line":30},"6":{"loc":{"start":{"line":34,"column":8},"end":{"line":34,"column":38}},"type":"if","locations":[{"start":{"line":34,"column":8},"end":{"line":34,"column":38}},{"start":{"line":34,"column":8},"end":{"line":34,"column":38}}],"line":34},"7":{"loc":{"start":{"line":52,"column":8},"end":{"line":55,"column":9}},"type":"if","locations":[{"start":{"line":52,"column":8},"end":{"line":55,"column":9}},{"start":{"line":52,"column":8},"end":{"line":55,"column":9}}],"line":52},"8":{"loc":{"start":{"line":77,"column":8},"end":{"line":92,"column":9}},"type":"if","locations":[{"start":{"line":77,"column":8},"end":{"line":92,"column":9}},{"start":{"line":77,"column":8},"end":{"line":92,"column":9}}],"line":77},"9":{"loc":{"start":{"line":77,"column":11},"end":{"line":77,"column":37}},"type":"binary-expr","locations":[{"start":{"line":77,"column":11},"end":{"line":77,"column":22}},{"start":{"line":77,"column":26},"end":{"line":77,"column":37}}],"line":77},"10":{"loc":{"start":{"line":81,"column":13},"end":{"line":92,"column":9}},"type":"if","locations":[{"start":{"line":81,"column":13},"end":{"line":92,"column":9}},{"start":{"line":81,"column":13},"end":{"line":92,"column":9}}],"line":81},"11":{"loc":{"start":{"line":85,"column":13},"end":{"line":92,"column":9}},"type":"if","locations":[{"start":{"line":85,"column":13},"end":{"line":92,"column":9}},{"start":{"line":85,"column":13},"end":{"line":92,"column":9}}],"line":85},"12":{"loc":{"start":{"line":115,"column":8},"end":{"line":123,"column":56}},"type":"if","locations":[{"start":{"line":115,"column":8},"end":{"line":123,"column":56}},{"start":{"line":115,"column":8},"end":{"line":123,"column":56}}],"line":115},"13":{"loc":{"start":{"line":115,"column":11},"end":{"line":115,"column":96}},"type":"binary-expr","locations":[{"start":{"line":115,"column":11},"end":{"line":115,"column":29}},{"start":{"line":115,"column":33},"end":{"line":115,"column":51}},{"start":{"line":115,"column":55},"end":{"line":115,"column":73}},{"start":{"line":115,"column":77},"end":{"line":115,"column":96}}],"line":115},"14":{"loc":{"start":{"line":117,"column":12},"end":{"line":120,"column":64}},"type":"if","locations":[{"start":{"line":117,"column":12},"end":{"line":120,"column":64}},{"start":{"line":117,"column":12},"end":{"line":120,"column":64}}],"line":117},"15":{"loc":{"start":{"line":117,"column":15},"end":{"line":117,"column":58}},"type":"binary-expr","locations":[{"start":{"line":117,"column":15},"end":{"line":117,"column":34}},{"start":{"line":117,"column":38},"end":{"line":117,"column":58}}],"line":117},"16":{"loc":{"start":{"line":147,"column":8},"end":{"line":152,"column":9}},"type":"if","locations":[{"start":{"line":147,"column":8},"end":{"line":152,"column":9}},{"start":{"line":147,"column":8},"end":{"line":152,"column":9}}],"line":147},"17":{"loc":{"start":{"line":155,"column":4},"end":{"line":157,"column":5}},"type":"if","locations":[{"start":{"line":155,"column":4},"end":{"line":157,"column":5}},{"start":{"line":155,"column":4},"end":{"line":157,"column":5}}],"line":155}},"s":{"0":1,"1":1,"2":11,"3":3,"4":8,"5":1,"6":7,"7":1,"8":6,"9":1,"10":19,"11":2,"12":17,"13":1,"14":16,"15":16,"16":90,"17":5,"18":11,"19":1,"20":2,"21":2,"22":2,"23":10,"24":7,"25":2,"26":1,"27":1,"28":1,"29":1,"30":15,"31":1,"32":14,"33":2,"34":12,"35":4,"36":8,"37":1,"38":1,"39":3,"40":3,"41":3,"42":21,"43":3,"44":3,"45":3,"46":21,"47":14,"48":2,"49":12,"50":7,"51":3,"52":1,"53":4,"54":4,"55":4,"56":4,"57":4,"58":12,"59":9,"60":3,"61":3,"62":4,"63":3,"64":4,"65":1},"f":{"0":11,"1":19,"2":2,"3":1,"4":3,"5":4},"b":{"0":[3,8],"1":[1,7],"2":[1,6],"3":[2,17],"4":[19,18],"5":[1,16],"6":[5,85],"7":[7,3],"8":[1,14],"9":[15,5],"10":[2,12],"11":[4,8],"12":[14,7],"13":[21,15,18,12],"14":[2,12],"15":[14,13],"16":[9,3],"17":[3,1]},"_coverageSchema":"43e27e138ebf9cfc5966b082cf9a028302ed4184","hash":"2ca9d55fa24441e2370d6fafaae8ed6d919c96ed"}
}
