TN:
SF:/home/kaziz/software testing/tp-jest/src/interval.js
FN:2,(anonymous_0)
FN:7,(anonymous_1)
FN:25,(anonymous_2)
FN:45,(anonymous_3)
FN:65,(anonymous_4)
FN:95,(anonymous_5)
FN:115,(anonymous_6)
FNF:7
FNH:5
FNDA:24,(anonymous_0)
FNDA:18,(anonymous_1)
FNDA:9,(anonymous_2)
FNDA:4,(anonymous_3)
FNDA:6,(anonymous_4)
FNDA:0,(anonymous_5)
FNDA:0,(anonymous_6)
DA:3,24
DA:4,24
DA:8,18
DA:26,9
DA:46,4
DA:66,6
DA:67,6
DA:69,2
DA:74,4
DA:76,6
DA:96,0
DA:120,1
LF:12
LH:11
BRDA:26,0,0,9
BRDA:26,0,1,6
BRDA:46,1,0,4
BRDA:46,1,1,3
BRDA:67,2,0,2
BRDA:67,2,1,4
BRDA:69,3,0,2
BRDA:69,3,1,0
BRDA:69,4,0,2
BRDA:69,4,1,0
BRF:10
BRH:8
end_of_record
TN:
SF:/home/kaziz/software testing/tp-jest/src/math.js
FN:2,(anonymous_0)
FN:26,(anonymous_1)
FN:49,(anonymous_2)
FN:73,(anonymous_3)
FN:106,(anonymous_4)
FN:141,(anonymous_5)
FNF:6
FNH:6
FNDA:11,(anonymous_0)
FNDA:19,(anonymous_1)
FNDA:2,(anonymous_2)
FNDA:1,(anonymous_3)
FNDA:3,(anonymous_4)
FNDA:4,(anonymous_5)
DA:1,1
DA:2,1
DA:3,11
DA:4,3
DA:7,8
DA:8,1
DA:11,7
DA:12,1
DA:15,6
DA:26,1
DA:27,19
DA:28,2
DA:30,17
DA:31,1
DA:33,16
DA:34,90
DA:35,11
DA:49,1
DA:50,2
DA:51,2
DA:52,10
DA:54,7
DA:58,2
DA:73,1
DA:74,1
DA:75,1
DA:77,15
DA:79,1
DA:81,14
DA:83,2
DA:85,12
DA:87,4
DA:91,8
DA:94,1
DA:106,1
DA:107,3
DA:108,3
DA:109,21
DA:111,3
DA:112,3
DA:115,21
DA:117,14
DA:118,2
DA:120,12
DA:123,7
DA:126,3
DA:141,1
DA:142,4
DA:143,4
DA:145,4
DA:146,4
DA:147,12
DA:148,9
DA:150,3
DA:151,3
DA:155,4
DA:156,3
DA:159,4
DA:164,1
LF:59
LH:59
BRDA:3,0,0,3
BRDA:3,0,1,8
BRDA:7,1,0,1
BRDA:7,1,1,7
BRDA:11,2,0,1
BRDA:11,2,1,6
BRDA:27,3,0,2
BRDA:27,3,1,17
BRDA:27,4,0,19
BRDA:27,4,1,18
BRDA:30,5,0,1
BRDA:30,5,1,16
BRDA:34,6,0,5
BRDA:34,6,1,85
BRDA:52,7,0,7
BRDA:52,7,1,3
BRDA:77,8,0,1
BRDA:77,8,1,14
BRDA:77,9,0,15
BRDA:77,9,1,5
BRDA:81,10,0,2
BRDA:81,10,1,12
BRDA:85,11,0,4
BRDA:85,11,1,8
BRDA:115,12,0,14
BRDA:115,12,1,7
BRDA:115,13,0,21
BRDA:115,13,1,15
BRDA:115,13,2,18
BRDA:115,13,3,12
BRDA:117,14,0,2
BRDA:117,14,1,12
BRDA:117,15,0,14
BRDA:117,15,1,13
BRDA:147,16,0,9
BRDA:147,16,1,3
BRDA:155,17,0,3
BRDA:155,17,1,1
BRF:38
BRH:38
end_of_record
